<?xml version="1.0" encoding="utf-8"?><testsuites><testsuite name="pytest" errors="16" failures="6" skipped="8" tests="51" time="357.343" timestamp="2026-06-06T04:39:39.088835" hostname="DESKTOP-4ANHJBV"><testcase classname="tests.test_commandes.TestCommandes" name="test_liste_commandes_chargee" time="6.713" /><testcase classname="tests.test_commandes.TestCommandes" name="test_bouton_nouvelle_commande_present" time="0.605" /><testcase classname="tests.test_commandes.TestCommandes" name="test_navigate_to_nouvelle_commande" time="0.717" /><testcase classname="tests.test_commandes.TestCommandes" name="test_filter_by_etat_en_cours" time="1.205" /><testcase classname="tests.test_commandes.TestCommandes" name="test_filter_by_type_achat" time="1.135" /><testcase classname="tests.test_commandes.TestCommandes" name="test_echec_commande_id_invalide" time="0.938"><skipped type="pytest.xfail" message="ECHEC VOULU" /></testcase><testcase classname="tests.test_dashboard.TestDashboard" name="test_dashboard_loads" time="0.377" /><testcase classname="tests.test_dashboard.TestDashboard" name="test_navigate_to_produits" time="1.595" /><testcase classname="tests.test_dashboard.TestDashboard" name="test_navigate_to_commandes" time="0.575" /><testcase classname="tests.test_dashboard.TestDashboard" name="test_navigate_to_fournisseurs" time="0.536" /><testcase classname="tests.test_dashboard.TestDashboard" name="test_navigate_to_entrepots" time="0.601" /><testcase classname="tests.test_dashboard.TestDashboard" name="test_navigate_to_flux" time="0.693" /><testcase classname="tests.test_dashboard.TestDashboard" name="test_navigate_to_propositions" time="0.764" /><testcase classname="tests.test_dashboard.TestDashboard" name="test_navigate_to_utilisateurs" time="0.446" /><testcase classname="tests.test_dashboard.TestDashboard" name="test_echec_acces_dashboard_non_admin" time="2.050" /><testcase classname="tests.test_entrepots.TestEntrepots" name="test_liste_entrepots_chargee" time="3.752" /><testcase classname="tests.test_entrepots.TestEntrepots" name="test_creer_entrepot" time="2.696" /><testcase classname="tests.test_entrepots.TestEntrepots" name="test_creer_entrepot_sans_nom" time="0.999" /><testcase classname="tests.test_entrepots.TestEntrepots" name="test_echec_entrepot_id_invalide" time="0.881"><skipped type="pytest.xfail" message="ECHEC VOULU" /></testcase><testcase classname="tests.test_flux_de_stock.TestFluxDeStock" name="test_liste_flux_chargee" time="2.447" /><testcase classname="tests.test_flux_de_stock.TestFluxDeStock" name="test_bouton_ajouter_present" time="0.666" /><testcase classname="tests.test_flux_de_stock.TestFluxDeStock" name="test_modal_ajout_flux" time="11.278"><failure message="assert False&#10; +  where False = &lt;bound method FluxPage.is_modal_open of &lt;pages.flux_page.FluxPage object at 0x000001A21F84ED50&gt;&gt;()&#10; +    where &lt;bound method FluxPage.is_modal_open of &lt;pages.flux_page.FluxPage object at 0x000001A21F84ED50&gt;&gt; = &lt;pages.flux_page.FluxPage object at 0x000001A21F84ED50&gt;.is_modal_open">E   assert False
     +  where False = &lt;bound method FluxPage.is_modal_open of &lt;pages.flux_page.FluxPage object at 0x000001A21F84ED50&gt;&gt;()
     +    where &lt;bound method FluxPage.is_modal_open of &lt;pages.flux_page.FluxPage object at 0x000001A21F84ED50&gt;&gt; = &lt;pages.flux_page.FluxPage object at 0x000001A21F84ED50&gt;.is_modal_open</failure></testcase><testcase classname="tests.test_flux_de_stock.TestFluxDeStock" name="test_export_csv_present" time="0.639" /><testcase classname="tests.test_flux_de_stock.TestFluxDeStock" name="test_echec_acces_flux_role_achat" time="10.929"><skipped type="pytest.xfail" message="ECHEC VOULU" /></testcase><testcase classname="tests.test_fournisseurs.TestFournisseurs" name="test_liste_fournisseurs_chargee" time="11.040"><error message="failed on setup with &quot;selenium.common.exceptions.TimeoutException: Message:&quot;">E   selenium.common.exceptions.TimeoutException: Message:</error></testcase><testcase classname="tests.test_fournisseurs.TestFournisseurs" name="test_creer_fournisseur" time="10.653"><error message="failed on setup with &quot;selenium.common.exceptions.TimeoutException: Message:&quot;">E   selenium.common.exceptions.TimeoutException: Message:</error></testcase><testcase classname="tests.test_fournisseurs.TestFournisseurs" name="test_creer_fournisseur_sans_nom" time="10.893"><error message="failed on setup with &quot;selenium.common.exceptions.TimeoutException: Message:&quot;">E   selenium.common.exceptions.TimeoutException: Message:</error></testcase><testcase classname="tests.test_fournisseurs.TestFournisseurs" name="test_recherche_fournisseur" time="10.755"><error message="failed on setup with &quot;selenium.common.exceptions.TimeoutException: Message:&quot;">E   selenium.common.exceptions.TimeoutException: Message:</error></testcase><testcase classname="tests.test_fournisseurs.TestFournisseurs" name="test_echec_fournisseur_id_invalide" time="11.675"><skipped type="pytest.xfail" message="ECHEC VOULU" /></testcase><testcase classname="tests.test_login.TestLogin" name="test_successful_login_admin" time="11.320"><failure message="assert False&#10; +  where False = &lt;bound method LoginPage.is_redirected_to_dashboard of &lt;pages.login_page.LoginPage object at 0x000001A21F89E660&gt;&gt;()&#10; +    where &lt;bound method LoginPage.is_redirected_to_dashboard of &lt;pages.login_page.LoginPage object at 0x000001A21F89E660&gt;&gt; = &lt;pages.login_page.LoginPage object at 0x000001A21F89E660&gt;.is_redirected_to_dashboard">E   assert False
     +  where False = &lt;bound method LoginPage.is_redirected_to_dashboard of &lt;pages.login_page.LoginPage object at 0x000001A21F89E660&gt;&gt;()
     +    where &lt;bound method LoginPage.is_redirected_to_dashboard of &lt;pages.login_page.LoginPage object at 0x000001A21F89E660&gt;&gt; = &lt;pages.login_page.LoginPage object at 0x000001A21F89E660&gt;.is_redirected_to_dashboard</failure></testcase><testcase classname="tests.test_login.TestLogin" name="test_successful_login_stock" time="11.032"><failure message="assert False&#10; +  where False = &lt;bound method LoginPage.is_redirected_to_dashboard of &lt;pages.login_page.LoginPage object at 0x000001A21FD1C2D0&gt;&gt;()&#10; +    where &lt;bound method LoginPage.is_redirected_to_dashboard of &lt;pages.login_page.LoginPage object at 0x000001A21FD1C2D0&gt;&gt; = &lt;pages.login_page.LoginPage object at 0x000001A21FD1C2D0&gt;.is_redirected_to_dashboard">E   assert False
     +  where False = &lt;bound method LoginPage.is_redirected_to_dashboard of &lt;pages.login_page.LoginPage object at 0x000001A21FD1C2D0&gt;&gt;()
     +    where &lt;bound method LoginPage.is_redirected_to_dashboard of &lt;pages.login_page.LoginPage object at 0x000001A21FD1C2D0&gt;&gt; = &lt;pages.login_page.LoginPage object at 0x000001A21FD1C2D0&gt;.is_redirected_to_dashboard</failure></testcase><testcase classname="tests.test_login.TestLogin" name="test_successful_login_achat" time="11.256"><failure message="assert False&#10; +  where False = &lt;bound method LoginPage.is_redirected_to_dashboard of &lt;pages.login_page.LoginPage object at 0x000001A21FD1C410&gt;&gt;()&#10; +    where &lt;bound method LoginPage.is_redirected_to_dashboard of &lt;pages.login_page.LoginPage object at 0x000001A21FD1C410&gt;&gt; = &lt;pages.login_page.LoginPage object at 0x000001A21FD1C410&gt;.is_redirected_to_dashboard">E   assert False
     +  where False = &lt;bound method LoginPage.is_redirected_to_dashboard of &lt;pages.login_page.LoginPage object at 0x000001A21FD1C410&gt;&gt;()
     +    where &lt;bound method LoginPage.is_redirected_to_dashboard of &lt;pages.login_page.LoginPage object at 0x000001A21FD1C410&gt;&gt; = &lt;pages.login_page.LoginPage object at 0x000001A21FD1C410&gt;.is_redirected_to_dashboard</failure></testcase><testcase classname="tests.test_login.TestLogin" name="test_failed_login_wrong_password" time="11.585"><failure message="AssertionError: assert ''">E   AssertionError: assert ''</failure></testcase><testcase classname="tests.test_login.TestLogin" name="test_failed_login_wrong_email" time="12.346"><failure message="AssertionError: assert ''">E   AssertionError: assert ''</failure></testcase><testcase classname="tests.test_login.TestLogin" name="test_failed_login_empty_fields" time="11.684" /><testcase classname="tests.test_login.TestLogin" name="test_echec_login_mauvais_credentials" time="11.687"><skipped type="pytest.xfail" message="ECHEC VOULU" /></testcase><testcase classname="tests.test_produits.TestProduits" name="test_liste_produits_chargee" time="11.025"><error message="failed on setup with &quot;selenium.common.exceptions.TimeoutException: Message:&quot;">E   selenium.common.exceptions.TimeoutException: Message:</error></testcase><testcase classname="tests.test_produits.TestProduits" name="test_creer_produit" time="11.471"><error message="failed on setup with &quot;selenium.common.exceptions.TimeoutException: Message:&quot;">E   selenium.common.exceptions.TimeoutException: Message:</error></testcase><testcase classname="tests.test_produits.TestProduits" name="test_creer_produit_sans_nom" time="10.961"><error message="failed on setup with &quot;selenium.common.exceptions.TimeoutException: Message:&quot;">E   selenium.common.exceptions.TimeoutException: Message:</error></testcase><testcase classname="tests.test_produits.TestProduits" name="test_recherche_produit" time="11.254"><error message="failed on setup with &quot;selenium.common.exceptions.TimeoutException: Message:&quot;">E   selenium.common.exceptions.TimeoutException: Message:</error></testcase><testcase classname="tests.test_produits.TestProduits" name="test_export_csv_button_present" time="10.779"><error message="failed on setup with &quot;selenium.common.exceptions.TimeoutException: Message:&quot;">E   selenium.common.exceptions.TimeoutException: Message:</error></testcase><testcase classname="tests.test_produits.TestProduits" name="test_echec_produit_id_invalide" time="10.853"><skipped type="pytest.xfail" message="ECHEC VOULU" /></testcase><testcase classname="tests.test_propositions.TestPropositions" name="test_liste_propositions_chargee" time="11.324"><error message="failed on setup with &quot;selenium.common.exceptions.TimeoutException: Message:&quot;">E   selenium.common.exceptions.TimeoutException: Message:</error></testcase><testcase classname="tests.test_propositions.TestPropositions" name="test_filtre_toutes_propositions" time="10.901"><error message="failed on setup with &quot;selenium.common.exceptions.TimeoutException: Message:&quot;">E   selenium.common.exceptions.TimeoutException: Message:</error></testcase><testcase classname="tests.test_propositions.TestPropositions" name="test_boutons_accepter_refuser" time="10.757"><error message="failed on setup with &quot;selenium.common.exceptions.TimeoutException: Message:&quot;">E   selenium.common.exceptions.TimeoutException: Message:</error></testcase><testcase classname="tests.test_propositions.TestPropositions" name="test_echec_accepter_proposition_sans_entrepot" time="11.112"><skipped type="pytest.xfail" message="ECHEC VOULU" /></testcase><testcase classname="tests.test_utilisateurs.TestUtilisateurs" name="test_liste_utilisateurs_chargee" time="10.774"><error message="failed on setup with &quot;selenium.common.exceptions.TimeoutException: Message:&quot;">E   selenium.common.exceptions.TimeoutException: Message:</error></testcase><testcase classname="tests.test_utilisateurs.TestUtilisateurs" name="test_bouton_ajouter_present" time="10.819"><error message="failed on setup with &quot;selenium.common.exceptions.TimeoutException: Message:&quot;">E   selenium.common.exceptions.TimeoutException: Message:</error></testcase><testcase classname="tests.test_utilisateurs.TestUtilisateurs" name="test_modal_creation_utilisateur" time="11.217"><error message="failed on setup with &quot;selenium.common.exceptions.TimeoutException: Message:&quot;">E   selenium.common.exceptions.TimeoutException: Message:</error></testcase><testcase classname="tests.test_utilisateurs.TestUtilisateurs" name="test_acces_refuse_non_admin" time="10.894"><error message="failed on setup with &quot;selenium.common.exceptions.TimeoutException: Message:&quot;">E   selenium.common.exceptions.TimeoutException: Message:</error></testcase><testcase classname="tests.test_utilisateurs.TestUtilisateurs" name="test_echec_creer_utilisateur_email_existant" time="13.645"><skipped type="pytest.xfail" message="ECHEC VOULU" /></testcase></testsuite></testsuites>