<?xml version="1.0" encoding="UTF-8"?>
<testsuites name="jest tests" tests="30" failures="0" errors="0" time="3.44">
  <testsuite name="ProduitService" errors="0" failures="0" skipped="0" timestamp="2026-06-06T03:29:18" time="1.481" tests="15">
    <testcase classname="ProduitService create() crée et retourne un produit" name="ProduitService create() crée et retourne un produit" time="0.025">
    </testcase>
    <testcase classname="ProduitService findAll() retourne la liste des produits avec stockTotal calculé (somme des entrepôts)" name="ProduitService findAll() retourne la liste des produits avec stockTotal calculé (somme des entrepôts)" time="0.006">
    </testcase>
    <testcase classname="ProduitService findAll() retourne un tableau vide si aucun produit" name="ProduitService findAll() retourne un tableau vide si aucun produit" time="0.007">
    </testcase>
    <testcase classname="ProduitService findAll() calcule stockTotal = 0 si stockEntrepots est vide" name="ProduitService findAll() calcule stockTotal = 0 si stockEntrepots est vide" time="0.006">
    </testcase>
    <testcase classname="ProduitService findOne() retourne le produit avec stockTotal calculé quand l&apos;ID existe" name="ProduitService findOne() retourne le produit avec stockTotal calculé quand l&apos;ID existe" time="0.006">
    </testcase>
    <testcase classname="ProduitService findOne() lève NotFoundException quand l&apos;ID n&apos;existe pas" name="ProduitService findOne() lève NotFoundException quand l&apos;ID n&apos;existe pas" time="0.027">
    </testcase>
    <testcase classname="ProduitService findOneByCodeBare() retourne le produit avec stockTotal si le codeBare existe" name="ProduitService findOneByCodeBare() retourne le produit avec stockTotal si le codeBare existe" time="0.005">
    </testcase>
    <testcase classname="ProduitService findOneByCodeBare() lève BadRequestException si codeBare est une chaîne vide" name="ProduitService findOneByCodeBare() lève BadRequestException si codeBare est une chaîne vide" time="0.007">
    </testcase>
    <testcase classname="ProduitService findOneByCodeBare() lève BadRequestException si codeBare est uniquement des espaces" name="ProduitService findOneByCodeBare() lève BadRequestException si codeBare est uniquement des espaces" time="0.004">
    </testcase>
    <testcase classname="ProduitService findOneByCodeBare() lève NotFoundException si le codeBare n&apos;existe pas en base" name="ProduitService findOneByCodeBare() lève NotFoundException si le codeBare n&apos;existe pas en base" time="0.003">
    </testcase>
    <testcase classname="ProduitService update() met à jour le produit et retourne les données mises à jour" name="ProduitService update() met à jour le produit et retourne les données mises à jour" time="0.003">
    </testcase>
    <testcase classname="ProduitService update() ne modifie pas prixAchatMoyen (CUMP protégé — recalculé uniquement à la livraison)" name="ProduitService update() ne modifie pas prixAchatMoyen (CUMP protégé — recalculé uniquement à la livraison)" time="0.005">
    </testcase>
    <testcase classname="ProduitService update() lève NotFoundException si l&apos;ID n&apos;existe pas" name="ProduitService update() lève NotFoundException si l&apos;ID n&apos;existe pas" time="0.003">
    </testcase>
    <testcase classname="ProduitService remove() supprime le produit et retourne ses données" name="ProduitService remove() supprime le produit et retourne ses données" time="0.003">
    </testcase>
    <testcase classname="ProduitService remove() lève NotFoundException si l&apos;ID n&apos;existe pas" name="ProduitService remove() lève NotFoundException si l&apos;ID n&apos;existe pas" time="0.002">
    </testcase>
  </testsuite>
  <testsuite name="AuthService" errors="0" failures="0" skipped="0" timestamp="2026-06-06T03:29:18" time="2.11" tests="15">
    <testcase classname="AuthService login() retourne un token JWT pour des credentials valides" name="AuthService login() retourne un token JWT pour des credentials valides" time="0.103">
    </testcase>
    <testcase classname="AuthService login() lève UnauthorizedException si le mot de passe est incorrect" name="AuthService login() lève UnauthorizedException si le mot de passe est incorrect" time="0.102">
    </testcase>
    <testcase classname="AuthService login() lève UnauthorizedException si l&apos;utilisateur est introuvable" name="AuthService login() lève UnauthorizedException si l&apos;utilisateur est introuvable" time="0.005">
    </testcase>
    <testcase classname="AuthService login() lève UnauthorizedException si le compte est désactivé (isActive = false)" name="AuthService login() lève UnauthorizedException si le compte est désactivé (isActive = false)" time="0.101">
    </testcase>
    <testcase classname="AuthService forgotPassword() retourne un message générique si l&apos;email n&apos;existe pas (sécurité)" name="AuthService forgotPassword() retourne un message générique si l&apos;email n&apos;existe pas (sécurité)" time="0.006">
    </testcase>
    <testcase classname="AuthService forgotPassword() génère un resetCode et envoie un email si l&apos;utilisateur existe" name="AuthService forgotPassword() génère un resetCode et envoie un email si l&apos;utilisateur existe" time="0.01">
    </testcase>
    <testcase classname="AuthService resetPassword() lève UnauthorizedException si le code est invalide" name="AuthService resetPassword() lève UnauthorizedException si le code est invalide" time="0.008">
    </testcase>
    <testcase classname="AuthService resetPassword() lève UnauthorizedException si le code est expiré" name="AuthService resetPassword() lève UnauthorizedException si le code est expiré" time="0.008">
    </testcase>
    <testcase classname="AuthService resetPassword() met à jour le mot de passe si le code est valide et non expiré" name="AuthService resetPassword() met à jour le mot de passe si le code est valide et non expiré" time="0.153">
    </testcase>
    <testcase classname="AuthService getRoles() retourne les 3 rôles disponibles" name="AuthService getRoles() retourne les 3 rôles disponibles" time="0.005">
    </testcase>
    <testcase classname="AuthService getUsers() retourne la liste de tous les utilisateurs" name="AuthService getUsers() retourne la liste de tous les utilisateurs" time="0.005">
    </testcase>
    <testcase classname="AuthService createUserByAdmin() lève BadRequestException si l&apos;email existe déjà" name="AuthService createUserByAdmin() lève BadRequestException si l&apos;email existe déjà" time="0.003">
    </testcase>
    <testcase classname="AuthService createUserByAdmin() lève BadRequestException si le rôle est invalide" name="AuthService createUserByAdmin() lève BadRequestException si le rôle est invalide" time="0.004">
    </testcase>
    <testcase classname="AuthService toggleActive() lève NotFoundException si l&apos;utilisateur n&apos;existe pas" name="AuthService toggleActive() lève NotFoundException si l&apos;utilisateur n&apos;existe pas" time="0.006">
    </testcase>
    <testcase classname="AuthService toggleActive() bascule isActive de true à false" name="AuthService toggleActive() bascule isActive de true à false" time="0.006">
    </testcase>
  </testsuite>
</testsuites>